[2m上午2:31:02[22m [31m[1m[vite][22m[39m [31m[2m(client)[22m[39m Pre-transform error: Failed to load url /src/scenes/GameScene.ts (resolved id: E:/CursorData/gamer/client/src/scenes/GameScene.ts) in E:/CursorData/gamer/client/src/scenes/index.ts. Does the file exist?
[2m上午2:31:02[22m [31m[1m[vite][22m[39m [31m[2m(client)[22m[39m Pre-transform error: Failed to load url /src/scenes/GameScene.ts (resolved id: E:/CursorData/gamer/client/src/scenes/GameScene.ts) in E:/CursorData/gamer/client/src/scenes/index.ts. Does the file exist?
[2m上午3:45:05[22m [33m[1m[vite][22m[39m [33m[2m(client)[22m[39m [33mwarning: [33mDuplicate member "shakeCamera" in class body[33m
719 |    }
720 |  
721 |    shakeCamera(intensity = 0.005, duration = 100): void {
    |    ^
722 |      this.cameras.main.shake(duration, intensity);
723 |    }
[39m
  Plugin: [35mvite:esbuild[39m
  File: [36mE:/CursorData/gamer/client/src/scenes/GameScene.ts[39m
[2m上午3:45:05[22m [33m[1m[vite][22m[39m [33m[2m(client)[22m[39m [33mwarning: [33mDuplicate member "flashEffect" in class body[33m
723 |    }
724 |  
725 |    flashEffect(target: Phaser.GameObjects.GameObject): void {
    |    ^
726 |      if (!(target instanceof Phaser.GameObjects.Sprite || target instanceof Phaser.GameObjects.Container)) {
727 |        return;
[39m
  Plugin: [35mvite:esbuild[39m
  File: [36mE:/CursorData/gamer/client/src/scenes/GameScene.ts[39m
[2m上午3:45:22[22m [31m[1m[vite][22m[39m [31m[2m(client)[22m[39m Pre-transform error: Transform failed with 1 error:
E:/CursorData/gamer/client/src/scenes/GameScene.ts:219:13: ERROR: Expected ")" but found ":"
  Plugin: [35mvite:esbuild[39m
  File: [36mE:/CursorData/gamer/client/src/scenes/GameScene.ts[39m:219:13
[33m  
  [33mExpected ")" but found ":"[33m
  217 |        this.atmosphericOverlay.strokeRect(inset, inset, width - inset * 2, height - inset * 2);
  218 |      }
  219 |    update(time: number, delta: number): void {
      |               ^
  220 |      const alpha = Phaser.Math.Clamp(delta / 120, 0.08, 0.22);
  221 |      for (const marker of this.playerMarkers.values()) {
  [39m
[2m上午3:45:22[22m [31m[1m[vite][22m[39m [31m[2m(client)[22m[39m Pre-transform error: Transform failed with 1 error:
E:/CursorData/gamer/client/src/scenes/GameScene.ts:219:13: ERROR: Expected ")" but found ":"
  Plugin: [35mvite:esbuild[39m
  File: [36mE:/CursorData/gamer/client/src/scenes/GameScene.ts[39m:219:13
[33m  
  [33mExpected ")" but found ":"[33m
  217 |        this.atmosphericOverlay.strokeRect(inset, inset, width - inset * 2, height - inset * 2);
  218 |      }
  219 |    update(time: number, delta: number): void {
      |               ^
  220 |      const alpha = Phaser.Math.Clamp(delta / 120, 0.08, 0.22);
  221 |      for (const marker of this.playerMarkers.values()) {
  [39m
[2m上午3:45:22[22m [31m[1m[vite][22m[39m [31mInternal server error: Transform failed with 1 error:
E:/CursorData/gamer/client/src/scenes/GameScene.ts:219:13: ERROR: Expected ")" but found ":"[39m
  Plugin: [35mvite:esbuild[39m
  File: [36mE:/CursorData/gamer/client/src/scenes/GameScene.ts[39m:219:13
[33m  
  [33mExpected ")" but found ":"[33m
  217 |        this.atmosphericOverlay.strokeRect(inset, inset, width - inset * 2, height - inset * 2);
  218 |      }
  219 |    update(time: number, delta: number): void {
      |               ^
  220 |      const alpha = Phaser.Math.Clamp(delta / 120, 0.08, 0.22);
  221 |      for (const marker of this.playerMarkers.values()) {
  [39m
      at failureErrorWithLog (E:\CursorData\gamer\node_modules\esbuild\lib\main.js:1748:15)
      at E:\CursorData\gamer\node_modules\esbuild\lib\main.js:1017:50
      at responseCallbacks.<computed> (E:\CursorData\gamer\node_modules\esbuild\lib\main.js:884:9)
      at handleIncomingPacket (E:\CursorData\gamer\node_modules\esbuild\lib\main.js:939:12)
      at Socket.readFromStdout (E:\CursorData\gamer\node_modules\esbuild\lib\main.js:862:7)
      at Socket.emit (node:events:508:28)
      at addChunk (node:internal/streams/readable:563:12)
      at readableAddChunkPushByteMode (node:internal/streams/readable:514:3)
      at Readable.push (node:internal/streams/readable:394:5)
      at Pipe.onStreamRead (node:internal/stream_base_commons:189:23)
[2m上午3:45:22[22m [31m[1m[vite][22m[39m [31mInternal server error: Transform failed with 1 error:
E:/CursorData/gamer/client/src/scenes/GameScene.ts:219:13: ERROR: Expected ")" but found ":"[39m
  Plugin: [35mvite:esbuild[39m
  File: [36mE:/CursorData/gamer/client/src/scenes/GameScene.ts[39m:219:13
[33m  
  [33mExpected ")" but found ":"[33m
  217 |        this.atmosphericOverlay.strokeRect(inset, inset, width - inset * 2, height - inset * 2);
  218 |      }
  219 |    update(time: number, delta: number): void {
      |               ^
  220 |      const alpha = Phaser.Math.Clamp(delta / 120, 0.08, 0.22);
  221 |      for (const marker of this.playerMarkers.values()) {
  [39m
      at failureErrorWithLog (E:\CursorData\gamer\node_modules\esbuild\lib\main.js:1748:15)
      at E:\CursorData\gamer\node_modules\esbuild\lib\main.js:1017:50
      at responseCallbacks.<computed> (E:\CursorData\gamer\node_modules\esbuild\lib\main.js:884:9)
      at handleIncomingPacket (E:\CursorData\gamer\node_modules\esbuild\lib\main.js:939:12)
      at Socket.readFromStdout (E:\CursorData\gamer\node_modules\esbuild\lib\main.js:862:7)
      at Socket.emit (node:events:508:28)
      at addChunk (node:internal/streams/readable:563:12)
      at readableAddChunkPushByteMode (node:internal/streams/readable:514:3)
      at Readable.push (node:internal/streams/readable:394:5)
      at Pipe.onStreamRead (node:internal/stream_base_commons:189:23)
[2m上午3:46:41[22m [33m[1m[vite][22m[39m [33m[2m(client)[22m[39m [33mwarning: [33mDuplicate member "shakeCamera" in class body[33m
722 |    }
723 |  
724 |    shakeCamera(intensity = 0.005, duration = 100): void {
    |    ^
725 |      this.cameras.main.shake(duration, intensity);
726 |    }
[39m
  Plugin: [35mvite:esbuild[39m
  File: [36mE:/CursorData/gamer/client/src/scenes/GameScene.ts[39m
[2m上午3:46:41[22m [33m[1m[vite][22m[39m [33m[2m(client)[22m[39m [33mwarning: [33mDuplicate member "flashEffect" in class body[33m
726 |    }
727 |  
728 |    flashEffect(target: Phaser.GameObjects.GameObject): void {
    |    ^
729 |      if (!(target instanceof Phaser.GameObjects.Sprite || target instanceof Phaser.GameObjects.Container)) {
730 |        return;
[39m
  Plugin: [35mvite:esbuild[39m
  File: [36mE:/CursorData/gamer/client/src/scenes/GameScene.ts[39m
