
> gamer-demo1@0.1.0 dev:client
> npm run dev --workspace client


> @gamer/client@0.1.0 dev
> vite --host 0.0.0.0


  [32m[1mVITE[22m v7.3.2[39m  [2mready in [0m[1m508[22m[2m[0m ms[22m

  [32m➜[39m  [1mLocal[22m:   [36mhttp://localhost:[1m5173[22m/[39m
  [32m➜[39m  [1mNetwork[22m: [36mhttp://100.81.152.1:[1m5173[22m/[39m
  [32m➜[39m  [1mNetwork[22m: [36mhttp://192.168.1.204:[1m5173[22m/[39m
  [32m➜[39m  [1mNetwork[22m: [36mhttp://172.19.208.1:[1m5173[22m/[39m
[2m上午2:31:02[22m [36m[1m[vite][22m[39m [90m[2m(client)[22m[39m [32mpage reload [39m[2msrc/scenes/GameScene.ts[22m
[2m上午2:32:48[22m [36m[1m[vite][22m[39m [90m[2m(client)[22m[39m [32mpage reload [39m[2msrc/game/entities/PlayerMarker.ts[22m
[2m上午2:32:48[22m [36m[1m[vite][22m[39m [90m[2m(client)[22m[39m [32mpage reload [39m[2msrc/game/entities/MonsterMarker.ts[22m
[2m上午2:32:48[22m [36m[1m[vite][22m[39m [90m[2m(client)[22m[39m [32mpage reload [39m[2msrc/game/entities/DropMarker.ts[22m
[2m上午2:32:48[22m [36m[1m[vite][22m[39m [90m[2m(client)[22m[39m [32mpage reload [39m[2msrc/ui/InventoryPanel.ts[22m
[2m上午2:32:48[22m [36m[1m[vite][22m[39m [90m[2m(client)[22m[39m [32mhmr update [39m[2m/src/styles/inventory.css[22m
[2m上午2:33:33[22m [36m[1m[vite][22m[39m [90m[2m(client)[22m[39m [32mpage reload [39m[2msrc/game/entities/PlayerMarker.ts[22m
[2m上午2:33:35[22m [36m[1m[vite][22m[39m [90m[2m(client)[22m[39m [32mpage reload [39m[2msrc/scenes/GameScene.ts[22m
[2m上午3:09:06[22m [36m[1m[vite][22m[39m [90m[2m(client)[22m[39m [32mpage reload [39m[2msrc/scenes/GameScene.ts[22m
[2m上午3:09:14[22m [36m[1m[vite][22m[39m [90m[2m(client)[22m[39m [32mpage reload [39m[2msrc/scenes/GameScene.ts[22m
[2m上午3:09:24[22m [36m[1m[vite][22m[39m [90m[2m(client)[22m[39m [32mpage reload [39m[2msrc/scenes/GameScene.ts[22m
[2m上午3:09:32[22m [36m[1m[vite][22m[39m [90m[2m(client)[22m[39m [32mpage reload [39m[2msrc/scenes/GameScene.ts[22m
[2m上午3:09:47[22m [36m[1m[vite][22m[39m [90m[2m(client)[22m[39m [32mpage reload [39m[2msrc/game/entities/PlayerMarker.ts[22m
[2m上午3:10:03[22m [36m[1m[vite][22m[39m [90m[2m(client)[22m[39m [32mpage reload [39m[2msrc/game/entities/MonsterMarker.ts[22m
[2m上午3:10:10[22m [36m[1m[vite][22m[39m [90m[2m(client)[22m[39m [32mpage reload [39m[2msrc/game/entities/DropMarker.ts[22m
[2m上午3:10:18[22m [36m[1m[vite][22m[39m [90m[2m(client)[22m[39m [32mpage reload [39m[2msrc/game/entities/DropMarker.ts[22m
[2m上午3:10:30[22m [36m[1m[vite][22m[39m [90m[2m(client)[22m[39m [32mpage reload [39m[2msrc/game/entities/PlayerMarker.ts[22m
[2m上午3:11:07[22m [36m[1m[vite][22m[39m [90m[2m(client)[22m[39m [32mpage reload [39m[2msrc/game/entities/PlayerMarker.ts[22m
[2m上午3:11:07[22m [36m[1m[vite][22m[39m [90m[2m(client)[22m[39m [32mpage reload [39m[2msrc/game/entities/MonsterMarker.ts[22m
[2m上午3:11:23[22m [36m[1m[vite][22m[39m [90m[2m(client)[22m[39m [32mpage reload [39m[2msrc/game/entities/PlayerMarker.ts[22m
[2m上午3:15:09[22m [36m[1m[vite][22m[39m [90m[2m(client)[22m[39m [32mpage reload [39m[2msrc/scenes/GameScene.ts[22m
[2m上午3:28:14[22m [36m[1m[vite][22m[39m [90m[2m(client)[22m[39m [32mpage reload [39m[2msrc/scenes/GameScene.ts[22m
[2m上午3:28:30[22m [36m[1m[vite][22m[39m [90m[2m(client)[22m[39m [32mpage reload [39m[2msrc/game/entities/PlayerMarker.ts[22m
[2m上午3:28:45[22m [36m[1m[vite][22m[39m [90m[2m(client)[22m[39m [32mpage reload [39m[2msrc/game/entities/MonsterMarker.ts[22m
[2m上午3:28:49[22m [36m[1m[vite][22m[39m [90m[2m(client)[22m[39m [32mpage reload [39m[2msrc/game/entities/DropMarker.ts[22m
[2m上午3:42:03[22m [36m[1m[vite][22m[39m [90m[2m(client)[22m[39m [32mpage reload [39m[2msrc/scenes/GameScene.ts[22m
[2m上午3:42:31[22m [36m[1m[vite][22m[39m [90m[2m(client)[22m[39m [32mpage reload [39m[2msrc/scenes/GameScene.ts[22m
[2m上午3:42:37[22m [36m[1m[vite][22m[39m [90m[2m(client)[22m[39m [32mpage reload [39m[2msrc/game/entities/MonsterMarker.ts[22m
[2m上午3:42:43[22m [36m[1m[vite][22m[39m [90m[2m(client)[22m[39m [32mpage reload [39m[2msrc/scenes/GameScene.ts[22m
[2m上午3:42:48[22m [36m[1m[vite][22m[39m [90m[2m(client)[22m[39m [32mpage reload [39m[2msrc/scenes/GameScene.ts[22m
[2m上午3:43:17[22m [36m[1m[vite][22m[39m [90m[2m(client)[22m[39m [32mpage reload [39m[2msrc/game/entities/PlayerMarker.ts[22m
[2m上午3:45:05[22m [36m[1m[vite][22m[39m [90m[2m(client)[22m[39m [32mpage reload [39m[2msrc/scenes/GameScene.ts[22m
[2m上午3:45:22[22m [36m[1m[vite][22m[39m [90m[2m(client)[22m[39m [32mpage reload [39m[2msrc/scenes/GameScene.ts[22m
[2m上午3:46:41[22m [36m[1m[vite][22m[39m [90m[2m(client)[22m[39m [32mpage reload [39m[2msrc/scenes/GameScene.ts[22m
